[debug] [2023-02-15T18:16:05.742Z] ----------------------------------------------------------------------
[debug] [2023-02-15T18:16:05.749Z] Command:       C:\Program Files\nodejs\node.exe C:\Users\Asus\AppData\Roaming\npm\node_modules\firebase-tools\lib\bin\firebase.js init
[debug] [2023-02-15T18:16:05.751Z] CLI Version:   11.22.0
[debug] [2023-02-15T18:16:05.751Z] Platform:      win32
[debug] [2023-02-15T18:16:05.752Z] Node Version:  v16.17.0
[debug] [2023-02-15T18:16:05.754Z] Time:          Wed Feb 15 2023 23:46:05 GMT+0530 (India Standard Time)
[debug] [2023-02-15T18:16:05.755Z] ----------------------------------------------------------------------
[debug] 
[debug] [2023-02-15T18:16:05.768Z] >>> [apiv2][query] GET https://firebase-public.firebaseio.com/cli.json [none]
[debug] [2023-02-15T18:16:05.836Z] > command requires scopes: ["email","openid","https://www.googleapis.com/auth/cloudplatformprojects.readonly","https://www.googleapis.com/auth/firebase","https://www.googleapis.com/auth/cloud-platform"]
[debug] [2023-02-15T18:16:05.837Z] > authorizing via signed-in user (saurabhsp317@gmail.com)
[info] 
     ######## #### ########  ######## ########     ###     ######  ########
     ##        ##  ##     ## ##       ##     ##  ##   ##  ##       ##
     ######    ##  ########  ######   ########  #########  ######  ######
     ##        ##  ##    ##  ##       ##     ## ##     ##       ## ##
     ##       #### ##     ## ######## ########  ##     ##  ######  ########

You're about to initialize a Firebase project in this directory:

  F:\REACT\netflix

[debug] [2023-02-15T18:16:06.499Z] <<< [apiv2][status] GET https://firebase-public.firebaseio.com/cli.json 200
[debug] [2023-02-15T18:16:06.500Z] <<< [apiv2][body] GET https://firebase-public.firebaseio.com/cli.json {"cloudBuildErrorAfter":1594252800000,"cloudBuildWarnAfter":1590019200000,"defaultNode10After":1594252800000,"minVersion":"3.0.5","node8DeploysDisabledAfter":1613390400000,"node8RuntimeDisabledAfter":1615809600000,"node8WarnAfter":1600128000000}
